[2025-03-18 10:35:34 PM] [Admin] Cerró sesión
[2025-03-18 10:35:35 PM] [Admin] Inició sesión
[2025-03-18 10:35:49 PM] [Admin] Respaldo de base de datos generado exitosamente
[2025-03-18 10:35:55 PM] [Admin] Base de datos restaurada exitosamente desde: MultiShop_18-03-2025-(22-35-49_hrs).sql
[2025-03-19 12:18:35 AM] [Admin] Respaldo de base de datos generado exitosamente
[2025-03-19 12:46:18 AM] [Admin] Respaldo de base de datos generado exitosamente
[2025-03-19 12:48:37 AM] [Admin] Respaldo de base de datos generado exitosamente
[2025-03-19 12:48:39 AM] [Admin] Respaldo borrado correctamente: MultiShop_19-03-2025-(00-48-36_hrs).sql
[2025-03-25 07:11:33 AM] [Admin] Cerró sesión
[2025-03-25 07:11:43 AM] [Josber Arceniz Hernández Pernia] Cerró sesión
[2025-03-25 08:02:48 AM] [Josber Arceniz Hernández Pernia] Cerró sesión
[2025-03-25 08:02:55 AM] [Admin] Inició sesión
[2025-03-25 08:14:19 AM] [Admin] Cerró sesión
[2025-03-30 09:27:09 PM] [Admin] Inició sesión
[2025-03-30 09:42:53 PM] [Admin] Cerró sesión
[2025-03-30 09:52:09 PM] [Admin] Inició sesión
[2025-03-31 12:22:00 AM] [Admin] Base de datos restaurada exitosamente desde: MultiShop_18-03-2025-(21-14-52_hrs).sql
[2025-03-31 12:25:16 AM] [Admin] Base de datos restaurada exitosamente desde: MultiShop_18-03-2025-(21-14-52_hrs) (1).sql
[2025-03-31 01:22:30 AM] [Admin] Base de datos restaurada exitosamente desde: dbsistema.sql
[2025-03-31 01:24:46 AM] [Admin] Base de datos restaurada exitosamente desde: MultiShop_18-03-2025-(21-14-52_hrs).sql
[2025-03-31 01:36:08 AM] [Admin] Base de datos restaurada exitosamente desde: MultiShop_18-03-2025-(21-14-52_hrs) (1).sql
[2025-03-31 01:36:14 AM] [Admin] Base de datos restaurada exitosamente desde: MultiShop_18-03-2025-(21-14-52_hrs).sql
[2025-03-31 01:37:00 AM] [Admin] Base de datos restaurada exitosamente desde: MultiShop_18-03-2025-(21-14-52_hrs) (1).sql
[2025-03-31 09:02:50 AM] [Admin] Respaldo de base de datos generado exitosamente
[2025-03-31 09:03:21 AM] [Admin] Base de datos restaurada exitosamente desde: MultiShop_31-03-2025-(09-02-50_hrs).sql
[2025-04-07 06:56:52 AM] [Admin] Cerró sesión
[2025-04-07 07:21:00 AM] [Jos12] Cerró sesión
[2025-04-07 07:21:09 AM] [Admin] Inició sesión
[2025-04-09 04:07:38 AM] [Admin] Cerró sesión
[2025-04-09 04:08:26 AM] [Admin] Inició sesión
[2025-04-20 02:37:05 PM] [Admin] Cerró sesión
[2025-04-21 02:57:12 PM] [Josber5] Cerró sesión
[2025-04-21 02:57:20 PM] [Admin] Inició sesión
[2025-04-21 03:38:59 PM] [Admin] Base de datos restaurada exitosamente desde: MultiShop_31-03-2025-(09-02-50_hrs).sql
[2025-04-21 04:50:39 PM] [Admin] Cerró sesión
[2025-04-21 05:06:55 PM] [Josber5] Cerró sesión
[2025-05-18 10:44:00 AM] [Admin] Inició sesión
[2025-07-08 01:39:41 AM] [Admin] Inició sesión
[2025-07-08 03:23:32 AM] [UsuarioDePrueba] Cerró sesión
[2025-07-08 03:23:53 AM] [Samuel ] Cerró sesión
[2025-07-08 03:24:00 AM] [Admin] Inició sesión
[2025-07-08 03:48:48 AM] [Admin] Cerró sesión
[2025-07-08 03:52:13 AM] [Jos12] Cerró sesión
[2025-07-08 03:52:19 AM] [Admin] Inició sesión
[2025-07-09 10:31:35 PM] [Admin] Cerró sesión
[2025-07-09 10:35:20 PM] [Josber Arceniz Hernández Pernia] Cerró sesión
[2025-07-09 10:35:28 PM] [Admin] Inició sesión
[2025-07-14 08:41:26 AM] [Josber Arceniz Hernández Pernia] Cerró sesión
[2025-07-14 08:41:30 AM] [Admin] Inició sesión
[2025-09-21 01:25:45 PM] [Admin] Inició sesión
[2025-10-15 07:26:20 PM] [Admin] Inició sesión
[2025-10-15 07:29:30 PM] [Admin] Cerró sesión
[2025-10-15 07:41:23 PM] [Admin] Inició sesión
[2025-11-02 05:02:38 AM] [Josejose] Cerró sesión
[2025-11-06 08:39:21 PM] [Admin] Inició sesión
[2025-11-06 08:39:37 PM] [Admin] Cerró sesión
[2025-11-06 08:39:46 PM] [Admin] Inició sesión
[2025-11-06 08:42:01 PM] [Admin] Cerró sesión
[2025-11-06 08:42:12 PM] [Admin] Inició sesión
[2025-11-06 08:44:33 PM] [Admin] Cerró sesión
[2025-11-06 08:48:31 PM] [Admin] Inició sesión
[2025-11-06 08:50:16 PM] [Admin] Cerró sesión
[2025-11-06 08:50:29 PM] [Admin] Inició sesión
[2025-11-06 08:51:56 PM] [Admin] Cerró sesión
[2025-11-25 07:08:58 AM] [Josber Arceniz Hernández Pernia] Cerró sesión
[2025-11-25 07:09:01 AM] [Admin] Inició sesión
